<?xml version="1.0" encoding="UTF-8"?>
<testng-results ignored="0" total="1" passed="1" failed="0" skipped="0">
  <reporter-output>
  </reporter-output>
  <suite started-at="2022-05-07T11:16:44Z" name="Default suite" finished-at="2022-05-07T11:18:30Z" duration-ms="106071">
    <groups>
    </groups>
    <test started-at="2022-05-07T11:16:44Z" name="Default test" finished-at="2022-05-07T11:18:30Z" duration-ms="106071">
      <class name="GV.TestCases.TestCase_DeleteTariffk">
        <test-method is-config="true" signature="beforeMethod()[pri:0, instance:GV.TestCases.TestCase_DeleteTariffk@4b45a2f5]" started-at="2022-05-07T15:46:44Z" name="beforeMethod" finished-at="2022-05-07T15:46:46Z" duration-ms="1645" status="PASS">
          <reporter-output>
          </reporter-output>
        </test-method> <!-- beforeMethod -->
        <test-method signature="f(java.lang.String, java.lang.String, java.lang.String, java.lang.String, java.lang.String)[pri:0, instance:GV.TestCases.TestCase_DeleteTariffk@4b45a2f5]" started-at="2022-05-07T15:46:46Z" name="f" data-provider="EditTarrifK" finished-at="2022-05-07T15:48:30Z" duration-ms="104392" status="PASS">
          <params>
            <param index="0">
              <value>
                <![CDATA[http://79.175.176.91:8015]]>
              </value>
            </param>
            <param index="1">
              <value>
                <![CDATA[0257794328]]>
              </value>
            </param>
            <param index="2">
              <value>
                <![CDATA[RGF3MFw]]>
              </value>
            </param>
            <param index="3">
              <value>
                <![CDATA[759]]>
              </value>
            </param>
            <param index="4">
              <value>
                <![CDATA[پلی کلینیک دولتی]]>
              </value>
            </param>
          </params>
          <reporter-output>
          </reporter-output>
        </test-method> <!-- f -->
        <test-method is-config="true" signature="afterMethod()[pri:0, instance:GV.TestCases.TestCase_DeleteTariffk@4b45a2f5]" started-at="2022-05-07T15:48:30Z" name="afterMethod" finished-at="2022-05-07T15:48:30Z" duration-ms="1" status="PASS">
          <reporter-output>
          </reporter-output>
        </test-method> <!-- afterMethod -->
      </class> <!-- GV.TestCases.TestCase_DeleteTariffk -->
    </test> <!-- Default test -->
  </suite> <!-- Default suite -->
</testng-results>
