<?xml version="1.0" encoding="UTF-8"?>
<testng-results ignored="0" total="1" passed="1" failed="0" skipped="0">
  <reporter-output>
  </reporter-output>
  <suite started-at="2021-10-02T08:01:43Z" name="Default suite" finished-at="2021-10-02T08:02:19Z" duration-ms="36052">
    <groups>
    </groups>
    <test started-at="2021-10-02T08:01:43Z" name="Default test" finished-at="2021-10-02T08:02:19Z" duration-ms="36052">
      <class name="CenterVarPackage.CenterVarTest">
        <test-method is-config="true" signature="beforeMethod()[pri:0, instance:CenterVarPackage.CenterVarTest@4b45a2f5]" started-at="2021-10-02T11:31:43Z" name="beforeMethod" finished-at="2021-10-02T11:31:54Z" duration-ms="11262" status="PASS">
          <reporter-output>
          </reporter-output>
        </test-method> <!-- beforeMethod -->
        <test-method signature="f()[pri:0, instance:CenterVarPackage.CenterVarTest@4b45a2f5]" started-at="2021-10-02T11:31:54Z" name="f" finished-at="2021-10-02T11:32:19Z" duration-ms="24754" status="PASS">
          <reporter-output>
          </reporter-output>
        </test-method> <!-- f -->
        <test-method is-config="true" signature="afterMethod()[pri:0, instance:CenterVarPackage.CenterVarTest@4b45a2f5]" started-at="2021-10-02T11:32:19Z" name="afterMethod" finished-at="2021-10-02T11:32:19Z" duration-ms="0" status="PASS">
          <reporter-output>
          </reporter-output>
        </test-method> <!-- afterMethod -->
      </class> <!-- CenterVarPackage.CenterVarTest -->
    </test> <!-- Default test -->
  </suite> <!-- Default suite -->
</testng-results>
