<?xml version="1.0" encoding="UTF-8"?>
<testng-results ignored="0" total="1" passed="1" failed="0" skipped="0">
  <reporter-output>
  </reporter-output>
  <suite started-at="2021-10-09T09:36:31Z" name="Default suite" finished-at="2021-10-09T09:37:38Z" duration-ms="67457">
    <groups>
    </groups>
    <test started-at="2021-10-09T09:36:31Z" name="Default test" finished-at="2021-10-09T09:37:38Z" duration-ms="67457">
      <class name="CenterPackage.CenterTest">
        <test-method is-config="true" signature="beforeMethod()[pri:0, instance:CenterPackage.CenterTest@4b45a2f5]" started-at="2021-10-09T13:06:31Z" name="beforeMethod" finished-at="2021-10-09T13:06:55Z" duration-ms="23459" status="PASS">
          <reporter-output>
          </reporter-output>
        </test-method> <!-- beforeMethod -->
        <test-method signature="f()[pri:0, instance:CenterPackage.CenterTest@4b45a2f5]" started-at="2021-10-09T13:06:55Z" name="f" finished-at="2021-10-09T13:07:38Z" duration-ms="43940" status="PASS">
          <reporter-output>
          </reporter-output>
        </test-method> <!-- f -->
        <test-method is-config="true" signature="afterMethod()[pri:0, instance:CenterPackage.CenterTest@4b45a2f5]" started-at="2021-10-09T13:07:38Z" name="afterMethod" finished-at="2021-10-09T13:07:38Z" duration-ms="1" status="PASS">
          <reporter-output>
          </reporter-output>
        </test-method> <!-- afterMethod -->
      </class> <!-- CenterPackage.CenterTest -->
    </test> <!-- Default test -->
  </suite> <!-- Default suite -->
</testng-results>
