<?xml version="1.0" encoding="UTF-8"?>
<testng-results ignored="0" total="1" passed="1" failed="0" skipped="0">
  <reporter-output>
  </reporter-output>
  <suite started-at="2021-10-13T12:50:24Z" name="Default suite" finished-at="2021-10-13T12:50:41Z" duration-ms="16520">
    <groups>
    </groups>
    <test started-at="2021-10-13T12:50:24Z" name="Default test" finished-at="2021-10-13T12:50:41Z" duration-ms="16520">
      <class name="CenterPackages.testcases.CenterAdd">
        <test-method is-config="true" signature="beforeMethod()[pri:0, instance:CenterPackages.testcases.CenterAdd@4b45a2f5]" started-at="2021-10-13T16:20:24Z" name="beforeMethod" finished-at="2021-10-13T16:20:37Z" duration-ms="13037" status="PASS">
          <reporter-output>
          </reporter-output>
        </test-method> <!-- beforeMethod -->
        <test-method signature="f()[pri:0, instance:CenterPackages.testcases.CenterAdd@4b45a2f5]" started-at="2021-10-13T16:20:37Z" name="f" finished-at="2021-10-13T16:20:41Z" duration-ms="3446" status="PASS">
          <reporter-output>
          </reporter-output>
        </test-method> <!-- f -->
        <test-method is-config="true" signature="afterMethod()[pri:0, instance:CenterPackages.testcases.CenterAdd@4b45a2f5]" started-at="2021-10-13T16:20:41Z" name="afterMethod" finished-at="2021-10-13T16:20:41Z" duration-ms="2" status="PASS">
          <reporter-output>
          </reporter-output>
        </test-method> <!-- afterMethod -->
      </class> <!-- CenterPackages.testcases.CenterAdd -->
    </test> <!-- Default test -->
  </suite> <!-- Default suite -->
</testng-results>
